<?xml version="1.0" encoding="UTF-8"?>
<!-- Generated by org.testng.reporters.JUnitXMLReporter -->
<testsuite hostname="NavTech-PC" ignored="0" name="Regression Test" tests="4" failures="0" timestamp="23 Nov 2018 04:04:49 GMT" time="0.015" errors="0">
  <testcase name="bookFlights" time="0.005" classname="dataProvider.BookFlights"/>
  <testcase name="bookFlights" time="0.0" classname="dataProvider.BookFlights"/>
  <testcase name="login" time="0.0" classname="dataProvider.LoginTest"/>
  <testcase name="login" time="0.0" classname="dataProvider.LoginTest"/>
</testsuite> <!-- Regression Test -->
