<?xml version="1.0" encoding="UTF-8"?>
<!-- Generated by org.testng.reporters.JUnitXMLReporter -->
<testsuite hostname="NavTech-PC" ignored="0" name="Smoke Test" tests="3" failures="0" timestamp="23 Nov 2018 04:04:49 GMT" time="0.221" errors="0">
  <testcase name="displayMessage" time="0.025" classname="testNG.FirstTestNGScript"/>
  <testcase name="sendEmail" time="0.005" classname="testNG.TestingGmail"/>
  <testcase name="deleteEmail" time="0.005" classname="testNG.TestingGmail"/>
</testsuite> <!-- Smoke Test -->
