<?xml version="1.0" encoding="UTF-8"?>
<!-- Generated by org.testng.reporters.JUnitXMLReporter -->
<testsuite hostname="NavTech-PC" ignored="2" name="Test" tests="1" failures="0" timestamp="26 Nov 2018 04:01:18 GMT" time="0.05" errors="0">
  <testcase name="bookFlight" time="0.003" classname="testNG.Groups"/>
  <testcase name="cancelFlight" time="0.0" classname="testNG.Groups">
    <ignored/>
  </testcase> <!-- cancelFlight -->
  <testcase name="updateFlight" time="0.0" classname="testNG.Groups">
    <ignored/>
  </testcase> <!-- updateFlight -->
</testsuite> <!-- Test -->
