<?xml version="1.0" encoding="UTF-8"?>
<testng-results skipped="0" failed="0" ignored="0" total="1" passed="1">
  <reporter-output>
  </reporter-output>
  <suite name="Default suite" duration-ms="16485" started-at="2018-12-13T03:31:47Z" finished-at="2018-12-13T03:32:03Z">
    <groups>
    </groups>
    <test name="Default test" duration-ms="16485" started-at="2018-12-13T03:31:47Z" finished-at="2018-12-13T03:32:03Z">
      <class name="parameterization.LoginTestCase">
        <test-method status="PASS" signature="login()[pri:0, instance:parameterization.LoginTestCase@14e1a0f]" name="login" duration-ms="16461" started-at="2018-12-13T03:31:47Z" finished-at="2018-12-13T03:32:03Z">
          <reporter-output>
          </reporter-output>
        </test-method> <!-- login -->
      </class> <!-- parameterization.LoginTestCase -->
    </test> <!-- Default test -->
  </suite> <!-- Default suite -->
</testng-results>
